  Address.cpp
  Buyer.cpp
C:\Users\lasri\source\repos\Ecommerce\Buyer.h(67,30): error C2535: 'Buyer::Buyer(const Buyer &)': member function already defined or declared
C:\Users\lasri\source\repos\Ecommerce\Buyer.h(51): message : see declaration of 'Buyer::Buyer'
C:\Users\lasri\source\repos\Ecommerce\Buyer.cpp(102,32): error C2065: 'USERNAME_MAX_LEN': undeclared identifier
C:\Users\lasri\source\repos\Ecommerce\Buyer.cpp(102,76): error C2065: 'USERNAME_MIN_LEN': undeclared identifier
C:\Users\lasri\source\repos\Ecommerce\Buyer.cpp(134,28): error C2664: 'void ItemList::addToTail(Item *)': cannot convert argument 1 from 'const Item' to 'Item *'
C:\Users\lasri\source\repos\Ecommerce\Buyer.cpp(134,20): message : No user-defined-conversion operator available that can perform this conversion, or the operator cannot be called
C:\Users\lasri\source\repos\Ecommerce\ItemList.h(16,10): message : see declaration of 'ItemList::addToTail'
  Date.cpp
C:\Users\lasri\source\repos\Ecommerce\Buyer.h(67,30): error C2535: 'Buyer::Buyer(const Buyer &)': member function already defined or declared
C:\Users\lasri\source\repos\Ecommerce\Buyer.h(51): message : see declaration of 'Buyer::Buyer'
C:\Users\lasri\source\repos\Ecommerce\MainHeader.h(13,22): error C2374: 'PASSWORD_MAX_LEN': redefinition; multiple initialization
C:\Users\lasri\source\repos\Ecommerce\Buyer.h(12): message : see declaration of 'PASSWORD_MAX_LEN'
C:\Users\lasri\source\repos\Ecommerce\MainHeader.h(14,22): error C2374: 'PASSWORD_MIN_LEN': redefinition; multiple initialization
C:\Users\lasri\source\repos\Ecommerce\Buyer.h(13): message : see declaration of 'PASSWORD_MIN_LEN'
C:\Users\lasri\source\repos\Ecommerce\MainHeader.h(16,22): error C2374: 'FNAME_MAX_LEN': redefinition; multiple initialization
C:\Users\lasri\source\repos\Ecommerce\Buyer.h(15): message : see declaration of 'FNAME_MAX_LEN'
C:\Users\lasri\source\repos\Ecommerce\MainHeader.h(17,22): error C2374: 'FNAME_MIN_LEN': redefinition; multiple initialization
C:\Users\lasri\source\repos\Ecommerce\Buyer.h(16): message : see declaration of 'FNAME_MIN_LEN'
C:\Users\lasri\source\repos\Ecommerce\MainHeader.h(18,22): error C2374: 'LNAME_MAX_LEN': redefinition; multiple initialization
C:\Users\lasri\source\repos\Ecommerce\Buyer.h(17): message : see declaration of 'LNAME_MAX_LEN'
C:\Users\lasri\source\repos\Ecommerce\MainHeader.h(19,22): error C2374: 'LNAME_MIN_LEN': redefinition; multiple initialization
C:\Users\lasri\source\repos\Ecommerce\Buyer.h(18): message : see declaration of 'LNAME_MIN_LEN'
  Feedback.cpp
  Item.cpp
  ItemList.cpp
C:\Users\lasri\source\repos\Ecommerce\ItemList.cpp(55,43): error C2084: function 'ItemList::ItemList(const ItemList &)' already has a body
C:\Users\lasri\source\repos\Ecommerce\ItemList.cpp(11): message : see previous definition of '{ctor}'
C:\Users\lasri\source\repos\Ecommerce\ItemList.cpp(65,38): error C2084: function 'ItemList::ItemList(ItemList &&)' already has a body
C:\Users\lasri\source\repos\Ecommerce\ItemList.cpp(21): message : see previous definition of '{ctor}'
  Manager.cpp
C:\Users\lasri\source\repos\Ecommerce\Buyer.h(67,30): error C2535: 'Buyer::Buyer(const Buyer &)': member function already defined or declared
C:\Users\lasri\source\repos\Ecommerce\Buyer.h(51): message : see declaration of 'Buyer::Buyer'
  Order.cpp
C:\Users\lasri\source\repos\Ecommerce\Order.cpp(52,33): error C2664: 'void ItemList::addToTail(Item *)': cannot convert argument 1 from 'const Item *' to 'Item *'
C:\Users\lasri\source\repos\Ecommerce\Order.cpp(52,29): message : Conversion loses qualifiers
C:\Users\lasri\source\repos\Ecommerce\ItemList.h(16,10): message : see declaration of 'ItemList::addToTail'
C:\Users\lasri\source\repos\Ecommerce\Order.cpp(54,26): error C2059: syntax error: ')'
  Seller.cpp
C:\Users\lasri\source\repos\Ecommerce\Buyer.h(67,30): error C2535: 'Buyer::Buyer(const Buyer &)': member function already defined or declared
C:\Users\lasri\source\repos\Ecommerce\Buyer.h(51): message : see declaration of 'Buyer::Buyer'
C:\Users\lasri\source\repos\Ecommerce\MainHeader.h(13,22): error C2374: 'PASSWORD_MAX_LEN': redefinition; multiple initialization
C:\Users\lasri\source\repos\Ecommerce\Buyer.h(12): message : see declaration of 'PASSWORD_MAX_LEN'
C:\Users\lasri\source\repos\Ecommerce\MainHeader.h(14,22): error C2374: 'PASSWORD_MIN_LEN': redefinition; multiple initialization
C:\Users\lasri\source\repos\Ecommerce\Buyer.h(13): message : see declaration of 'PASSWORD_MIN_LEN'
C:\Users\lasri\source\repos\Ecommerce\MainHeader.h(16,22): error C2374: 'FNAME_MAX_LEN': redefinition; multiple initialization
C:\Users\lasri\source\repos\Ecommerce\Buyer.h(15): message : see declaration of 'FNAME_MAX_LEN'
C:\Users\lasri\source\repos\Ecommerce\MainHeader.h(17,22): error C2374: 'FNAME_MIN_LEN': redefinition; multiple initialization
C:\Users\lasri\source\repos\Ecommerce\Buyer.h(16): message : see declaration of 'FNAME_MIN_LEN'
C:\Users\lasri\source\repos\Ecommerce\MainHeader.h(18,22): error C2374: 'LNAME_MAX_LEN': redefinition; multiple initialization
C:\Users\lasri\source\repos\Ecommerce\Buyer.h(17): message : see declaration of 'LNAME_MAX_LEN'
C:\Users\lasri\source\repos\Ecommerce\MainHeader.h(19,22): error C2374: 'LNAME_MIN_LEN': redefinition; multiple initialization
C:\Users\lasri\source\repos\Ecommerce\Buyer.h(18): message : see declaration of 'LNAME_MIN_LEN'
C:\Users\lasri\source\repos\Ecommerce\Seller.cpp(207,37): error C2664: 'void ItemList::addToTail(Item *)': cannot convert argument 1 from 'const Item' to 'Item *'
C:\Users\lasri\source\repos\Ecommerce\Seller.cpp(207,26): message : No user-defined-conversion operator available that can perform this conversion, or the operator cannot be called
C:\Users\lasri\source\repos\Ecommerce\ItemList.h(16,10): message : see declaration of 'ItemList::addToTail'
  main.cpp
C:\Users\lasri\source\repos\Ecommerce\Buyer.h(67,30): error C2535: 'Buyer::Buyer(const Buyer &)': member function already defined or declared
C:\Users\lasri\source\repos\Ecommerce\Buyer.h(51): message : see declaration of 'Buyer::Buyer'
C:\Users\lasri\source\repos\Ecommerce\MainHeader.h(13,22): error C2374: 'PASSWORD_MAX_LEN': redefinition; multiple initialization
C:\Users\lasri\source\repos\Ecommerce\Buyer.h(12): message : see declaration of 'PASSWORD_MAX_LEN'
C:\Users\lasri\source\repos\Ecommerce\MainHeader.h(14,22): error C2374: 'PASSWORD_MIN_LEN': redefinition; multiple initialization
C:\Users\lasri\source\repos\Ecommerce\Buyer.h(13): message : see declaration of 'PASSWORD_MIN_LEN'
C:\Users\lasri\source\repos\Ecommerce\MainHeader.h(16,22): error C2374: 'FNAME_MAX_LEN': redefinition; multiple initialization
C:\Users\lasri\source\repos\Ecommerce\Buyer.h(15): message : see declaration of 'FNAME_MAX_LEN'
C:\Users\lasri\source\repos\Ecommerce\MainHeader.h(17,22): error C2374: 'FNAME_MIN_LEN': redefinition; multiple initialization
C:\Users\lasri\source\repos\Ecommerce\Buyer.h(16): message : see declaration of 'FNAME_MIN_LEN'
C:\Users\lasri\source\repos\Ecommerce\MainHeader.h(18,22): error C2374: 'LNAME_MAX_LEN': redefinition; multiple initialization
C:\Users\lasri\source\repos\Ecommerce\Buyer.h(17): message : see declaration of 'LNAME_MAX_LEN'
C:\Users\lasri\source\repos\Ecommerce\MainHeader.h(19,22): error C2374: 'LNAME_MIN_LEN': redefinition; multiple initialization
C:\Users\lasri\source\repos\Ecommerce\Buyer.h(18): message : see declaration of 'LNAME_MIN_LEN'
C:\Users\lasri\source\repos\Ecommerce\main.cpp(7,13): warning C4326: return type of 'main' should be 'int' instead of 'void'
C:\Users\lasri\source\repos\Ecommerce\main.cpp(276,37): error C2664: 'void Order::setItem(const Item *)': cannot convert argument 1 from 'Item' to 'const Item *'
C:\Users\lasri\source\repos\Ecommerce\main.cpp(276,32): message : No user-defined-conversion operator available that can perform this conversion, or the operator cannot be called
C:\Users\lasri\source\repos\Ecommerce\Order.h(20,10): message : see declaration of 'Order::setItem'
C:\Users\lasri\source\repos\Ecommerce\main.cpp(311,23): warning C4018: '<': signed/unsigned mismatch
C:\Users\lasri\source\repos\Ecommerce\main.cpp(315,23): warning C4018: '<': signed/unsigned mismatch
C:\Users\lasri\source\repos\Ecommerce\main.cpp(329,23): warning C4018: '<': signed/unsigned mismatch
C:\Users\lasri\source\repos\Ecommerce\main.cpp(333,23): warning C4018: '<': signed/unsigned mismatch
  Generating Code...
C:\Users\lasri\source\repos\Ecommerce\Item.cpp(59): warning C4715: 'Item::operator=': not all control paths return a value
C:\Users\lasri\source\repos\Ecommerce\Feedback.cpp(36): warning C4715: 'Feedback::operator=': not all control paths return a value
C:\Users\lasri\source\repos\Ecommerce\Address.cpp(54): warning C4715: 'Address::operator=': not all control paths return a value
