c:\users\lasri\source\repos\amalasu\ecommerce\x64\debug\vc142.pdb
c:\users\lasri\source\repos\amalasu\ecommerce\x64\debug\vc142.idb
c:\users\lasri\source\repos\amalasu\ecommerce\x64\debug\func.obj
c:\users\lasri\source\repos\amalasu\ecommerce\x64\debug\order.obj
c:\users\lasri\source\repos\amalasu\ecommerce\x64\debug\item.obj
c:\users\lasri\source\repos\amalasu\ecommerce\x64\debug\feedback.obj
c:\users\lasri\source\repos\amalasu\ecommerce\x64\debug\address.obj
c:\users\lasri\source\repos\amalasu\ecommerce\x64\debug\manager.obj
c:\users\lasri\source\repos\amalasu\ecommerce\x64\debug\main.obj
c:\users\lasri\source\repos\amalasu\ecommerce\x64\debug\itemlist.obj
c:\users\lasri\source\repos\amalasu\ecommerce\x64\debug\buyer.obj
c:\users\lasri\source\repos\amalasu\ecommerce\x64\debug\seller.obj
c:\users\lasri\source\repos\amalasu\ecommerce\x64\debug\date.obj
c:\users\lasri\source\repos\amalasu\ecommerce\x64\debug\cui.obj
c:\users\lasri\source\repos\amalasu\ecommerce\x64\debug\buyerseller.obj
c:\users\lasri\source\repos\amalasu\ecommerce\x64\debug\account.obj
c:\users\lasri\source\repos\amalasu\ecommerce\x64\debug\buyer.obj.enc
c:\users\lasri\source\repos\amalasu\x64\debug\ecommerce.pdb
c:\users\lasri\source\repos\amalasu\ecommerce\x64\debug\ecommerce.tlog\cl.command.1.tlog
c:\users\lasri\source\repos\amalasu\ecommerce\x64\debug\ecommerce.tlog\cl.read.1.tlog
c:\users\lasri\source\repos\amalasu\ecommerce\x64\debug\ecommerce.tlog\cl.write.1.tlog
c:\users\lasri\source\repos\amalasu\ecommerce\x64\debug\ecommerce.tlog\link-cvtres.read.1.tlog
c:\users\lasri\source\repos\amalasu\ecommerce\x64\debug\ecommerce.tlog\link-cvtres.write.1.tlog
c:\users\lasri\source\repos\amalasu\ecommerce\x64\debug\ecommerce.tlog\link-rc.read.1.tlog
c:\users\lasri\source\repos\amalasu\ecommerce\x64\debug\ecommerce.tlog\link-rc.write.1.tlog
c:\users\lasri\source\repos\amalasu\ecommerce\x64\debug\ecommerce.tlog\link.4720-cvtres.read.1.tlog
c:\users\lasri\source\repos\amalasu\ecommerce\x64\debug\ecommerce.tlog\link.4720-cvtres.write.1.tlog
c:\users\lasri\source\repos\amalasu\ecommerce\x64\debug\ecommerce.tlog\link.4720-rc.read.1.tlog
c:\users\lasri\source\repos\amalasu\ecommerce\x64\debug\ecommerce.tlog\link.4720-rc.write.1.tlog
c:\users\lasri\source\repos\amalasu\ecommerce\x64\debug\ecommerce.tlog\link.4720.read.1.tlog
c:\users\lasri\source\repos\amalasu\ecommerce\x64\debug\ecommerce.tlog\link.4720.write.1.tlog
c:\users\lasri\source\repos\amalasu\ecommerce\x64\debug\ecommerce.tlog\link.command.1.tlog
c:\users\lasri\source\repos\amalasu\ecommerce\x64\debug\ecommerce.tlog\link.read.1.tlog
c:\users\lasri\source\repos\amalasu\ecommerce\x64\debug\ecommerce.tlog\link.write.1.tlog
